SF:lib\budget_repository.dart
DA:14,4
DA:16,0
DA:17,0
DA:20,2
DA:23,4
DA:24,0
DA:25,0
DA:26,0
DA:28,0
DA:33,0
DA:34,0
DA:35,0
DA:36,0
LF:13
LH:3
end_of_record
SF:lib\failure_model.dart
DA:4,4
LF:1
LH:1
end_of_record
SF:lib\item_model.dart
DA:7,0
DA:14,0
DA:15,0
DA:16,0
DA:17,0
DA:18,0
DA:19,0
DA:20,0
DA:21,0
DA:22,0
LF:10
LH:0
end_of_record
SF:lib\budget_screen.dart
DA:10,3
DA:12,2
DA:13,2
DA:19,2
DA:21,2
DA:22,6
DA:25,2
DA:27,2
DA:28,2
DA:31,2
DA:32,0
DA:33,0
DA:34,0
DA:36,2
DA:37,2
DA:38,2
DA:39,2
DA:41,0
DA:42,0
DA:43,0
DA:44,0
DA:45,0
DA:47,0
DA:48,0
DA:50,2
DA:52,0
DA:53,0
LF:27
LH:15
end_of_record
SF:lib\item_container.dart
DA:9,0
DA:11,0
DA:13,0
DA:15,0
DA:17,0
DA:18,0
DA:20,0
DA:30,0
DA:31,0
DA:33,0
DA:34,0
LF:11
LH:0
end_of_record
SF:lib\spending_chart.dart
DA:9,0
DA:12,0
DA:14,0
DA:16,0
DA:18,0
DA:19,0
DA:20,0
DA:21,0
DA:22,0
DA:26,0
DA:29,0
DA:30,0
DA:33,0
DA:34,0
DA:35,0
DA:36,0
DA:37,0
DA:39,0
DA:41,0
DA:42,0
DA:44,0
DA:48,0
DA:49,0
DA:55,0
DA:58,0
DA:59,0
DA:60,0
DA:63,0
DA:76,0
DA:80,0
DA:82,0
DA:84,0
DA:86,0
DA:87,0
DA:89,0
DA:90,0
LF:36
LH:0
end_of_record
SF:lib\helper\get_category_color.dart
DA:3,1
DA:5,1
DA:6,1
DA:7,1
DA:8,1
DA:9,1
DA:10,1
DA:11,1
DA:12,1
DA:14,1
LF:10
LH:10
end_of_record
SF:lib\main.dart
DA:5,0
DA:6,0
DA:7,0
DA:11,2
DA:13,1
DA:15,1
DA:18,1
DA:21,1
LF:8
LH:5
end_of_record
